<?xml version="1.0" encoding="UTF-8"?>
<!-- Generated by org.testng.reporters.JUnitReportReporter -->
<testsuite hostname="DELL-PC" name="Login1.Test3" tests="1" failures="0" timestamp="15 Feb 2017 17:58:27 GMT" time="0.001" errors="0">
  <testcase name="testing3" time="0.001" classname="Login1.Test3"/>
</testsuite> <!-- Login1.Test3 -->
