<?xml version="1.0" encoding="UTF-8"?>
<!-- Generated by org.testng.reporters.JUnitReportReporter -->
<testsuite hostname="DELL-PC" name="Login1.Test1" tests="1" failures="0" timestamp="15 Feb 2017 17:58:27 GMT" time="0.020" errors="0">
  <testcase name="testing1" time="0.020" classname="Login1.Test1"/>
</testsuite> <!-- Login1.Test1 -->
